<?xml version="1.0" encoding="UTF-8"?>
<!-- Generated by org.testng.reporters.JUnitReportReporter -->
<testsuite hostname="IN-PG02P7BX" failures="0" tests="3" name="com.runnerClass.TestRunner" time="11.707" errors="0" timestamp="2024-09-04T17:36:26 IST" skipped="0">
  <testcase classname="com.runnerClass.TestRunner" name="runScenario" time="4.917"/>
  <system-out/>
  <testcase classname="com.runnerClass.TestRunner" name="runScenario" time="2.752"/>
  <system-out/>
  <testcase classname="com.runnerClass.TestRunner" name="runScenario" time="4.038"/>
  <system-out/>
</testsuite> <!-- com.runnerClass.TestRunner -->
