<?xml version="1.0" encoding="UTF-8"?>
<!-- Generated by org.testng.reporters.JUnitReportReporter -->
<testsuite hostname="IN-PG02P7BX" failures="0" tests="5" name="com.runnerClass.TestRunner" time="20.422" errors="0" timestamp="2024-09-10T13:15:03 IST" skipped="0">
  <testcase classname="com.runnerClass.TestRunner" name="runScenario" time="3.911"/>
  <system-out/>
  <testcase classname="com.runnerClass.TestRunner" name="runScenario" time="4.818"/>
  <system-out/>
  <testcase classname="com.runnerClass.TestRunner" name="runScenario" time="4.242"/>
  <system-out/>
  <testcase classname="com.runnerClass.TestRunner" name="runScenario" time="3.634"/>
  <system-out/>
  <testcase classname="com.runnerClass.TestRunner" name="runScenario" time="3.817"/>
  <system-out/>
</testsuite> <!-- com.runnerClass.TestRunner -->
