<?xml version="1.0" encoding="UTF-8"?>
<!-- Generated by org.testng.reporters.JUnitReportReporter -->
<testsuite hostname="IN-PG02P7BX" failures="0" tests="5" name="com.runnerClass.TestRunner" time="18.640" errors="0" timestamp="2024-09-26T15:49:56 IST" skipped="0">
  <testcase classname="com.runnerClass.TestRunner" name="runScenario" time="3.575"/>
  <system-out/>
  <testcase classname="com.runnerClass.TestRunner" name="runScenario" time="3.399"/>
  <system-out/>
  <testcase classname="com.runnerClass.TestRunner" name="runScenario" time="3.232"/>
  <system-out/>
  <testcase classname="com.runnerClass.TestRunner" name="runScenario" time="3.065"/>
  <system-out/>
  <testcase classname="com.runnerClass.TestRunner" name="runScenario" time="5.369"/>
  <system-out/>
</testsuite> <!-- com.runnerClass.TestRunner -->
