<?xml version="1.0" encoding="UTF-8"?>
<!-- Generated by org.testng.reporters.JUnitReportReporter -->
<testsuite hostname="IN-PG02P7BX" failures="0" tests="5" name="com.runnerClass.TestRunner" time="18.873" errors="0" timestamp="2024-09-26T15:16:44 IST" skipped="0">
  <testcase classname="com.runnerClass.TestRunner" name="runScenario" time="5.430"/>
  <system-out/>
  <testcase classname="com.runnerClass.TestRunner" name="runScenario" time="3.590"/>
  <system-out/>
  <testcase classname="com.runnerClass.TestRunner" name="runScenario" time="3.450"/>
  <system-out/>
  <testcase classname="com.runnerClass.TestRunner" name="runScenario" time="3.231"/>
  <system-out/>
  <testcase classname="com.runnerClass.TestRunner" name="runScenario" time="3.172"/>
  <system-out/>
</testsuite> <!-- com.runnerClass.TestRunner -->
