<?xml version="1.0" encoding="UTF-8"?>
<!-- Generated by org.testng.reporters.JUnitReportReporter -->
<testsuite hostname="IN-PG02P7BX" failures="0" tests="3" name="com.runnerClass.TestRunner" time="9.373" errors="0" timestamp="2024-09-06T13:17:36 IST" skipped="0">
  <testcase classname="com.runnerClass.TestRunner" name="runScenario" time="2.798"/>
  <system-out/>
  <testcase classname="com.runnerClass.TestRunner" name="runScenario" time="3.861"/>
  <system-out/>
  <testcase classname="com.runnerClass.TestRunner" name="runScenario" time="2.714"/>
  <system-out/>
</testsuite> <!-- com.runnerClass.TestRunner -->
