<?xml version="1.0" encoding="UTF-8"?>
<!-- Generated by org.testng.reporters.JUnitReportReporter -->
<testsuite hostname="IN-PG02P7BX" failures="0" tests="3" name="com.runnerClass.TestRunner" time="10.353" errors="0" timestamp="2024-09-04T17:52:28 IST" skipped="0">
  <testcase classname="com.runnerClass.TestRunner" name="runScenario" time="3.276"/>
  <system-out/>
  <testcase classname="com.runnerClass.TestRunner" name="runScenario" time="4.099"/>
  <system-out/>
  <testcase classname="com.runnerClass.TestRunner" name="runScenario" time="2.978"/>
  <system-out/>
</testsuite> <!-- com.runnerClass.TestRunner -->
