<?xml version="1.0" encoding="UTF-8"?>
<!-- Generated by org.testng.reporters.JUnitReportReporter -->
<testsuite hostname="IN-PG02P7BX" failures="0" tests="2" name="com.runnerClass.TestRunner" time="7.373" errors="0" timestamp="2024-09-26T13:21:36 IST" skipped="0">
  <testcase classname="com.runnerClass.TestRunner" name="runScenario" time="4.603"/>
  <system-out/>
  <testcase classname="com.runnerClass.TestRunner" name="runScenario" time="2.770"/>
  <system-out/>
</testsuite> <!-- com.runnerClass.TestRunner -->
