<?xml version="1.0" encoding="UTF-8"?>
<!-- Generated by org.testng.reporters.JUnitReportReporter -->
<testsuite hostname="IN-PG02P7BX" failures="0" tests="2" name="com.runnerClass.TestRunner" time="6.750" errors="0" timestamp="2024-09-26T13:15:17 IST" skipped="0">
  <testcase classname="com.runnerClass.TestRunner" name="runScenario" time="3.976"/>
  <system-out/>
  <testcase classname="com.runnerClass.TestRunner" name="runScenario" time="2.774"/>
  <system-out/>
</testsuite> <!-- com.runnerClass.TestRunner -->
